<?xml version="1.0" encoding="UTF-8"?>
<testsuite xmlns:xsi="http://www.w3.org/2001/XMLSchema-instance" xsi:noNamespaceSchemaLocation="https://maven.apache.org/surefire/maven-surefire-plugin/xsd/surefire-test-report-3.0.xsd" version="3.0" name="com.res.server.ProductManagerApplicationTests" time="2.18" tests="1" errors="0" skipped="0" failures="0">
  <properties>
[...]
</properties>
  <testcase name="contextLoads" classname="com.res.server.ProductManagerApplicationTests" time="0.601">
    <system-out><![CDATA[17:51:44.615 [main] INFO org.springframework.test.context.support.AnnotationConfigContextLoaderUtils -- Could not detect default configuration classes for test class [com.res.server.ProductManagerApplicationTests]: ProductManagerApplicationTests does not declare any static, non-private, non-final, nested classes annotated with @Configuration.
17:51:44.677 [main] INFO org.springframework.boot.test.context.SpringBootTestContextBootstrapper -- Found @SpringBootConfiguration com.res.server.ProductManagerApplication for test class com.res.server.ProductManagerApplicationTests
17:51:44.798 [main] INFO org.springframework.boot.devtools.restart.RestartApplicationListener -- Restart disabled due to context in which it is running

  .   ____          _            __ _ _
 /\\ / ___'_ __ _ _(_)_ __  __ _ \ \ \ \
( ( )\___ | '_ | '_| | '_ \/ _` | \ \ \ \
 \\/  ___)| |_)| | | | | || (_| |  ) ) ) )
  '  |____| .__|_| |_|_| |_\__, | / / / /
 =========|_|==============|___/=/_/_/_/

 :: Spring Boot ::                (v3.3.5)

2024-11-10T17:51:44.957+05:30  INFO 22908 --- [product-manager] [           main] c.r.s.ProductManagerApplicationTests     : Starting ProductManagerApplicationTests using Java 17.0.7 with PID 22908 (started by User in C:\Users\User\Downloads\product-manager\product-manager)
2024-11-10T17:51:44.958+05:30  INFO 22908 --- [product-manager] [           main] c.r.s.ProductManagerApplicationTests     : No active profile set, falling back to 1 default profile: "default"
2024-11-10T17:51:46.073+05:30  INFO 22908 --- [product-manager] [           main] c.r.s.ProductManagerApplicationTests     : Started ProductManagerApplicationTests in 1.282 seconds (process running for 2.03)
]]></system-out>
  </testcase>
</testsuite>